G:\PROJECTS\ZIPASSISTANT\DEBUG\AES.OBJ
G:\Projects\zipassistant\Debug\cl.command.1.tlog
G:\Projects\zipassistant\Debug\CL.read.1.tlog
G:\Projects\zipassistant\Debug\CL.write.1.tlog
G:\Projects\zipassistant\Debug\link.1172.read.1.tlog
G:\Projects\zipassistant\Debug\link.1172.write.1.tlog
G:\Projects\zipassistant\Debug\link.1172-cvtres.read.1.tlog
G:\Projects\zipassistant\Debug\link.1172-cvtres.write.1.tlog
G:\Projects\zipassistant\Debug\link.command.1.tlog
G:\Projects\zipassistant\Debug\link.read.1.tlog
G:\Projects\zipassistant\Debug\link.write.1.tlog
G:\Projects\zipassistant\Debug\link-cvtres.read.1.tlog
G:\Projects\zipassistant\Debug\link-cvtres.write.1.tlog
G:\Projects\zipassistant\Debug\mt.command.1.tlog
G:\Projects\zipassistant\Debug\mt.read.1.tlog
G:\Projects\zipassistant\Debug\mt.write.1.tlog
G:\Projects\zipassistant\Debug\rc.command.1.tlog
G:\Projects\zipassistant\Debug\rc.read.1.tlog
G:\Projects\zipassistant\Debug\rc.write.1.tlog
G:\PROJECTS\ZIPASSISTANT\DEBUG\STDAFX.OBJ
G:\PROJECTS\ZIPASSISTANT\DEBUG\TMAKER.EXE
G:\PROJECTS\ZIPASSISTANT\DEBUG\TMAKER.EXE.EMBED.MANIFEST
G:\PROJECTS\ZIPASSISTANT\DEBUG\TMAKER.EXE.EMBED.MANIFEST.RES
G:\PROJECTS\ZIPASSISTANT\DEBUG\TMAKER.EXE.INTERMEDIATE.MANIFEST
G:\PROJECTS\ZIPASSISTANT\DEBUG\TMAKER.ILK
G:\PROJECTS\ZIPASSISTANT\DEBUG\TMAKER.PDB
G:\Projects\zipassistant\Debug\tmaker_manifest.rc
G:\PROJECTS\ZIPASSISTANT\DEBUG\UNZIP.OBJ
G:\Projects\zipassistant\Debug\vc100.idb
G:\PROJECTS\ZIPASSISTANT\DEBUG\VC100.PDB
G:\PROJECTS\ZIPASSISTANT\DEBUG\ZIP.OBJ
G:\PROJECTS\ZIPASSISTANT\DEBUG\ZIPASSISTANT.OBJ
